
[90m┌[39m  Building storybook v10.1.3
[90m│[39m
[32m◇[39m  Cleaning outputDir:
[90m│[39m  [36mC:/Users/desau/AppData/Local/Temp/chromatic--7412-6RIYRZDjFVad[39m
[90m│[39m
[32m◇[39m  Loading presets
[90m│[39m
[32m◇[39m  Building manager..
[90m│[39m
[34m●[39m  Building preview..
[90m│[39m  [43mVite[49m [36mvite v7.0.6 [32mbuilding for production...[36m[39m
[90m│[39m  [43mVite[49m transforming...
[90m│[39m  [43mVite[49m [32m✓[39m 435 modules transformed.
[90m│[39m
[33m▲[39m  [43mVite[49m [33mnode_modules/expo-modules-core/src/uuid/index.web.ts (12:24): Use[39m
[90m│[39m  [33mof eval in "node_modules/expo-modules-core/src/uuid/index.web.ts" is[39m
[90m│[39m  [33mstrongly discouraged as it poses security risks and may cause issues[39m
[90m│[39m  [33mwith minification.[39m
[90m│[39m  [43mVite[49m rendering chunks...
[90m│[39m  [43mVite[49m
[90m│[39m  [2mC:/Users/desau/AppData/Local/Temp/chromatic--7412-6RIYRZDjFVad/[22m[32miframe.html[39m[1m[2m[22m
[90m│[39m  [2m17.97 kB[22m[1m[22m
[90m│[39m  [43mVite[49m
[90m│[39m  [2mC:/Users/desau/AppData/Local/Temp/chromatic--7412-6RIYRZDjFVad/[22m[36massets/preload-helper-Ct5FWWRu.js[39m[1m[2m[22m
[90m│[39m  [2m1.23 kB[22m[1m[22m
[90m│[39m  [43mVite[49m
[90m│[39m  [2mC:/Users/desau/AppData/Local/Temp/chromatic--7412-6RIYRZDjFVad/[22m[36mvite-inject-mocker-entry.js[39m[1m[2m[22m
[90m│[39m  [2m28.76 kB[22m[1m[22m
[90m│[39m  [43mVite[49m
[90m│[39m  [2mC:/Users/desau/AppData/Local/Temp/chromatic--7412-6RIYRZDjFVad/[22m[36massets/matchers-DMFSMG2O-CLSMXvDR.js[39m[1m[2m[22m
[90m│[39m  [2m29.35 kB[22m[1m[22m
[90m│[39m  [43mVite[49m
[90m│[39m  [2mC:/Users/desau/AppData/Local/Temp/chromatic--7412-6RIYRZDjFVad/[22m[36massets/Button.stories-DCBB0mPQ.js[39m[1m[2m[22m
[90m│[39m  [2m130.25 kB[22m[1m[22m
[90m│[39m  [43mVite[49m
[90m│[39m  [2mC:/Users/desau/AppData/Local/Temp/chromatic--7412-6RIYRZDjFVad/[22m[36massets/react-18-NckTfnbR.js[39m[1m[2m[22m
[90m│[39m  [2m178.47 kB[22m[1m[22m
[90m│[39m  [43mVite[49m
[90m│[39m  [2mC:/Users/desau/AppData/Local/Temp/chromatic--7412-6RIYRZDjFVad/[22m[36massets/axe-BLOV0XzF.js[39m[1m[33m[39m
[90m│[39m  [33m578.64 kB[39m[22m
[90m│[39m  [43mVite[49m
[90m│[39m  [2mC:/Users/desau/AppData/Local/Temp/chromatic--7412-6RIYRZDjFVad/[22m[36massets/iframe-AFeds4a1.js[39m
[90m│[39m  [36m[39m[1m[33m1,077.26 kB[39m[22m
[90m│[39m
[33m▲[39m  [43mVite[49m[33m
[90m│[39m  (!) Some chunks are larger than 500 kB after minification. Consider:
[90m│[39m  - Using dynamic import() to code-split the application
[90m│[39m  - Use build.rollupOptions.output.manualChunks to improve chunking:
[90m│[39m  ]8;;https://rollupjs.org/configuration-options/#output-manualchunkshttps://rollupjs.org/configuration-options/#output-manualchunks]8;;
[90m│[39m  - Adjust chunk size limit for this warning via
[90m│[39m  build.chunkSizeWarningLimit.[39m
[90m│[39m  [43mVite[49m [32m✓ built in 4.62s[39m
[90m│[39m
[32m◇[39m  Output directory:
[90m│[39m  C:/Users/desau/AppData/Local/Temp/chromatic--7412-6RIYRZDjFVad
[90m│[39m
[90m└[39m  Storybook build completed successfully

